<?xml version="1.0" encoding="UTF-8"?>
<!-- Generated by org.testng.reporters.JUnitReportReporter -->
<testsuite hostname="duaasyed-Inspiron-3580" failures="0" tests="1" name="accountTests.SubAccountTest" time="9.047" errors="0" timestamp="2023-10-27T13:18:12 GMT" skipped="0">
  <testcase classname="accountTests.SubAccountTest" name="logIn" time="9.047"/>
</testsuite> <!-- accountTests.SubAccountTest -->
